2017-11-06 14:22:02,945 INFO interval time setted as 60
2017-11-06 14:22:02,945 INFO interval time setted as 60
2017-11-06 14:22:02,945 INFO interval time setted as 60
2017-11-06 14:22:02,945 ERROR runner is tired of running, jump out!
2017-11-06 14:22:02,945 ERROR runner is tired of running, jump out!
2017-11-06 14:22:02,945 ERROR runner is tired of running, jump out!
2017-11-06 14:22:45,690 INFO interval time setted as 60
2017-11-06 14:22:45,690 INFO interval time setted as 60
2017-11-06 14:22:45,690 INFO interval time setted as 60
2017-11-06 14:27:52,038 INFO interval time setted as 60
2017-11-06 14:27:52,038 INFO interval time setted as 60
2017-11-06 14:27:52,038 INFO interval time setted as 60
2017-11-06 14:28:41,700 INFO interval time setted as 60
2017-11-06 14:28:41,700 INFO interval time setted as 60
2017-11-06 14:28:41,700 INFO interval time setted as 60
2017-11-06 14:29:41,696 INFO interval time setted as 60
2017-11-06 14:29:41,696 INFO interval time setted as 60
2017-11-06 14:29:41,696 INFO interval time setted as 60
2017-11-06 14:30:37,107 INFO interval time setted as 60
2017-11-06 14:30:37,107 INFO interval time setted as 60
2017-11-06 14:30:37,107 INFO interval time setted as 60
2017-11-06 14:30:37,640 ERROR runner is tired of running, jump out!
2017-11-06 14:30:37,640 ERROR runner is tired of running, jump out!
2017-11-06 14:30:37,640 ERROR runner is tired of running, jump out!
2017-11-06 14:31:06,431 INFO interval time setted as 60
2017-11-06 14:31:06,431 INFO interval time setted as 60
2017-11-06 14:31:06,431 INFO interval time setted as 60
2017-11-06 14:32:00,738 INFO interval time setted as 60
2017-11-06 14:32:00,738 INFO interval time setted as 60
2017-11-06 14:32:00,738 INFO interval time setted as 60
2017-11-06 14:32:01,189 ERROR runner is tired of running, jump out!
2017-11-06 14:32:01,189 ERROR runner is tired of running, jump out!
2017-11-06 14:32:01,189 ERROR runner is tired of running, jump out!
2017-11-06 14:32:09,459 INFO interval time setted as 60
2017-11-06 14:32:09,459 INFO interval time setted as 60
2017-11-06 14:32:09,459 INFO interval time setted as 60
2017-11-06 14:33:01,065 INFO interval time setted as 60
2017-11-06 14:33:01,065 INFO interval time setted as 60
2017-11-06 14:33:01,065 INFO interval time setted as 60
2017-11-06 14:33:44,674 INFO interval time setted as 60
2017-11-06 14:33:44,674 INFO interval time setted as 60
2017-11-06 14:33:44,674 INFO interval time setted as 60
2017-11-06 14:53:32,782 INFO interval time setted as 60
2017-11-06 14:53:32,782 INFO interval time setted as 60
2017-11-06 14:53:32,782 INFO interval time setted as 60
2017-11-06 14:56:49,847 INFO interval time setted as 60
2017-11-06 14:56:49,847 INFO interval time setted as 60
2017-11-06 14:56:49,847 INFO interval time setted as 60
2017-11-06 14:56:50,380 ERROR runner is tired of running, jump out!
2017-11-06 14:56:50,380 ERROR runner is tired of running, jump out!
2017-11-06 14:56:50,380 ERROR runner is tired of running, jump out!
2017-11-06 14:57:29,909 INFO interval time setted as 60
2017-11-06 14:57:29,909 INFO interval time setted as 60
2017-11-06 14:57:29,909 INFO interval time setted as 60
2017-11-06 14:58:00,090 INFO interval time setted as 60
2017-11-06 14:58:00,090 INFO interval time setted as 60
2017-11-06 14:58:00,090 INFO interval time setted as 60
2017-11-06 15:00:07,430 INFO interval time setted as 60
2017-11-06 15:00:07,430 INFO interval time setted as 60
2017-11-06 15:00:07,430 INFO interval time setted as 60
2017-11-06 15:00:07,430 INFO start crawling
2017-11-06 15:00:07,430 INFO start crawling
2017-11-06 15:00:07,430 INFO start crawling
2017-11-06 15:00:08,185 INFO stop crawling
2017-11-06 15:00:08,185 INFO stop crawling
2017-11-06 15:00:08,185 INFO stop crawling
2017-11-06 15:18:17,995 INFO interval time setted as 60
2017-11-06 15:18:17,995 INFO interval time setted as 60
2017-11-06 15:18:17,995 INFO interval time setted as 60
2017-11-06 15:18:17,995 INFO interval time setted as 60
2017-11-06 15:18:17,995 INFO opening file ./wishlist.txt
2017-11-06 15:18:17,995 INFO opening file ./wishlist.txt
2017-11-06 15:18:17,995 INFO opening file ./wishlist.txt
2017-11-06 15:18:17,995 INFO opening file ./wishlist.txt
2017-11-06 15:18:17,996 INFO getting the keyword list
2017-11-06 15:18:17,996 INFO getting the keyword list
2017-11-06 15:18:17,996 INFO getting the keyword list
2017-11-06 15:18:17,996 INFO getting the keyword list
2017-11-06 15:18:17,996 INFO start crawling
2017-11-06 15:18:17,996 INFO start crawling
2017-11-06 15:18:17,996 INFO start crawling
2017-11-06 15:18:17,996 INFO start crawling
2017-11-06 15:18:18,600 ERROR runner is tired of running, jump out!
2017-11-06 15:18:18,600 ERROR runner is tired of running, jump out!
2017-11-06 15:18:18,600 ERROR runner is tired of running, jump out!
2017-11-06 15:18:18,600 ERROR runner is tired of running, jump out!
2017-11-06 15:18:52,063 INFO interval time setted as 60
2017-11-06 15:18:52,063 INFO interval time setted as 60
2017-11-06 15:18:52,063 INFO interval time setted as 60
2017-11-06 15:18:52,063 INFO interval time setted as 60
2017-11-06 15:18:52,064 INFO opening file ./wishlist.txt
2017-11-06 15:18:52,064 INFO opening file ./wishlist.txt
2017-11-06 15:18:52,064 INFO opening file ./wishlist.txt
2017-11-06 15:18:52,064 INFO opening file ./wishlist.txt
2017-11-06 15:18:52,064 INFO getting the keyword list
2017-11-06 15:18:52,064 INFO getting the keyword list
2017-11-06 15:18:52,064 INFO getting the keyword list
2017-11-06 15:18:52,064 INFO getting the keyword list
2017-11-06 15:18:52,064 INFO start crawling
2017-11-06 15:18:52,064 INFO start crawling
2017-11-06 15:18:52,064 INFO start crawling
2017-11-06 15:18:52,064 INFO start crawling
2017-11-06 15:18:56,170 ERROR runner is tired of running, jump out!
2017-11-06 15:18:56,170 ERROR runner is tired of running, jump out!
2017-11-06 15:18:56,170 ERROR runner is tired of running, jump out!
2017-11-06 15:18:56,170 ERROR runner is tired of running, jump out!
2017-11-06 15:23:44,926 INFO interval time setted as 60
2017-11-06 15:23:44,926 INFO interval time setted as 60
2017-11-06 15:23:44,926 INFO interval time setted as 60
2017-11-06 15:23:44,926 INFO interval time setted as 60
2017-11-06 15:23:44,926 INFO opening file ./wishlist.txt
2017-11-06 15:23:44,926 INFO opening file ./wishlist.txt
2017-11-06 15:23:44,926 INFO opening file ./wishlist.txt
2017-11-06 15:23:44,926 INFO opening file ./wishlist.txt
2017-11-06 15:23:44,926 INFO getting the keyword list
2017-11-06 15:23:44,926 INFO getting the keyword list
2017-11-06 15:23:44,926 INFO getting the keyword list
2017-11-06 15:23:44,926 INFO getting the keyword list
2017-11-06 15:23:44,926 INFO start crawling
2017-11-06 15:23:44,926 INFO start crawling
2017-11-06 15:23:44,926 INFO start crawling
2017-11-06 15:23:44,926 INFO start crawling
2017-11-06 15:23:48,692 ERROR runner is tired of running, jump out!
2017-11-06 15:23:48,692 ERROR runner is tired of running, jump out!
2017-11-06 15:23:48,692 ERROR runner is tired of running, jump out!
2017-11-06 15:23:48,692 ERROR runner is tired of running, jump out!
2017-11-06 15:23:58,024 INFO interval time setted as 60
2017-11-06 15:23:58,024 INFO interval time setted as 60
2017-11-06 15:23:58,024 INFO interval time setted as 60
2017-11-06 15:23:58,024 INFO interval time setted as 60
2017-11-06 15:23:58,024 INFO opening file ./wishlist.txt
2017-11-06 15:23:58,024 INFO opening file ./wishlist.txt
2017-11-06 15:23:58,024 INFO opening file ./wishlist.txt
2017-11-06 15:23:58,024 INFO opening file ./wishlist.txt
2017-11-06 15:23:58,024 INFO getting the keyword list
2017-11-06 15:23:58,024 INFO getting the keyword list
2017-11-06 15:23:58,024 INFO getting the keyword list
2017-11-06 15:23:58,024 INFO getting the keyword list
2017-11-06 15:23:58,024 INFO start crawling
2017-11-06 15:23:58,024 INFO start crawling
2017-11-06 15:23:58,024 INFO start crawling
2017-11-06 15:23:58,024 INFO start crawling
2017-11-06 15:23:58,627 ERROR runner is tired of running, jump out!
2017-11-06 15:23:58,627 ERROR runner is tired of running, jump out!
2017-11-06 15:23:58,627 ERROR runner is tired of running, jump out!
2017-11-06 15:23:58,627 ERROR runner is tired of running, jump out!
2017-11-06 15:24:10,014 INFO interval time setted as 60
2017-11-06 15:24:10,014 INFO interval time setted as 60
2017-11-06 15:24:10,014 INFO interval time setted as 60
2017-11-06 15:24:10,014 INFO interval time setted as 60
2017-11-06 15:24:10,014 INFO opening file ./wishlist.txt
2017-11-06 15:24:10,014 INFO opening file ./wishlist.txt
2017-11-06 15:24:10,014 INFO opening file ./wishlist.txt
2017-11-06 15:24:10,014 INFO opening file ./wishlist.txt
2017-11-06 15:24:10,014 INFO getting the keyword list
2017-11-06 15:24:10,014 INFO getting the keyword list
2017-11-06 15:24:10,014 INFO getting the keyword list
2017-11-06 15:24:10,014 INFO getting the keyword list
2017-11-06 15:24:10,014 INFO start crawling
2017-11-06 15:24:10,014 INFO start crawling
2017-11-06 15:24:10,014 INFO start crawling
2017-11-06 15:24:10,014 INFO start crawling
2017-11-06 15:24:10,432 ERROR runner is tired of running, jump out!
2017-11-06 15:24:10,432 ERROR runner is tired of running, jump out!
2017-11-06 15:24:10,432 ERROR runner is tired of running, jump out!
2017-11-06 15:24:10,432 ERROR runner is tired of running, jump out!
2017-11-06 15:24:36,542 INFO interval time setted as 60
2017-11-06 15:24:36,542 INFO interval time setted as 60
2017-11-06 15:24:36,542 INFO interval time setted as 60
2017-11-06 15:24:36,542 INFO interval time setted as 60
2017-11-06 15:24:36,542 INFO opening file ./wishlist.txt
2017-11-06 15:24:36,542 INFO opening file ./wishlist.txt
2017-11-06 15:24:36,542 INFO opening file ./wishlist.txt
2017-11-06 15:24:36,542 INFO opening file ./wishlist.txt
2017-11-06 15:24:36,543 INFO getting the keyword list
2017-11-06 15:24:36,543 INFO getting the keyword list
2017-11-06 15:24:36,543 INFO getting the keyword list
2017-11-06 15:24:36,543 INFO getting the keyword list
2017-11-06 15:24:36,543 INFO start crawling
2017-11-06 15:24:36,543 INFO start crawling
2017-11-06 15:24:36,543 INFO start crawling
2017-11-06 15:24:36,543 INFO start crawling
2017-11-06 15:24:37,047 ERROR runner is tired of running, jump out!
2017-11-06 15:24:37,047 ERROR runner is tired of running, jump out!
2017-11-06 15:24:37,047 ERROR runner is tired of running, jump out!
2017-11-06 15:24:37,047 ERROR runner is tired of running, jump out!
2017-11-06 15:27:33,325 INFO interval time setted as 60
2017-11-06 15:27:33,325 INFO interval time setted as 60
2017-11-06 15:27:33,325 INFO interval time setted as 60
2017-11-06 15:27:33,325 INFO interval time setted as 60
2017-11-06 15:27:33,325 INFO opening file ./wishlist.txt
2017-11-06 15:27:33,325 INFO opening file ./wishlist.txt
2017-11-06 15:27:33,325 INFO opening file ./wishlist.txt
2017-11-06 15:27:33,325 INFO opening file ./wishlist.txt
2017-11-06 15:27:33,325 INFO getting the keyword list
2017-11-06 15:27:33,325 INFO getting the keyword list
2017-11-06 15:27:33,325 INFO getting the keyword list
2017-11-06 15:27:33,325 INFO getting the keyword list
2017-11-06 15:27:33,325 INFO start crawling
2017-11-06 15:27:33,325 INFO start crawling
2017-11-06 15:27:33,325 INFO start crawling
2017-11-06 15:27:33,325 INFO start crawling
2017-11-06 15:27:34,407 ERROR runner is tired of running, jump out!
2017-11-06 15:27:34,407 ERROR runner is tired of running, jump out!
2017-11-06 15:27:34,407 ERROR runner is tired of running, jump out!
2017-11-06 15:27:34,407 ERROR runner is tired of running, jump out!
2017-11-06 15:27:48,501 INFO interval time setted as 60
2017-11-06 15:27:48,501 INFO interval time setted as 60
2017-11-06 15:27:48,501 INFO interval time setted as 60
2017-11-06 15:27:48,501 INFO interval time setted as 60
2017-11-06 15:27:48,501 INFO opening file ./wishlist.txt
2017-11-06 15:27:48,501 INFO opening file ./wishlist.txt
2017-11-06 15:27:48,501 INFO opening file ./wishlist.txt
2017-11-06 15:27:48,501 INFO opening file ./wishlist.txt
2017-11-06 15:27:48,501 INFO getting the keyword list
2017-11-06 15:27:48,501 INFO getting the keyword list
2017-11-06 15:27:48,501 INFO getting the keyword list
2017-11-06 15:27:48,501 INFO getting the keyword list
2017-11-06 15:27:48,501 INFO start crawling
2017-11-06 15:27:48,501 INFO start crawling
2017-11-06 15:27:48,501 INFO start crawling
2017-11-06 15:27:48,501 INFO start crawling
2017-11-06 15:27:48,948 INFO stop crawling
2017-11-06 15:27:48,948 INFO stop crawling
2017-11-06 15:27:48,948 INFO stop crawling
2017-11-06 15:27:48,948 INFO stop crawling
2017-11-06 15:28:11,535 INFO interval time setted as 60
2017-11-06 15:28:11,535 INFO interval time setted as 60
2017-11-06 15:28:11,535 INFO interval time setted as 60
2017-11-06 15:28:11,535 INFO interval time setted as 60
2017-11-06 15:28:11,535 INFO opening file ./wishlist.txt
2017-11-06 15:28:11,535 INFO opening file ./wishlist.txt
2017-11-06 15:28:11,535 INFO opening file ./wishlist.txt
2017-11-06 15:28:11,535 INFO opening file ./wishlist.txt
2017-11-06 15:28:11,535 INFO getting the keyword list
2017-11-06 15:28:11,535 INFO getting the keyword list
2017-11-06 15:28:11,535 INFO getting the keyword list
2017-11-06 15:28:11,535 INFO getting the keyword list
2017-11-06 15:28:11,535 INFO start crawling
2017-11-06 15:28:11,535 INFO start crawling
2017-11-06 15:28:11,535 INFO start crawling
2017-11-06 15:28:11,535 INFO start crawling
2017-11-06 15:28:15,954 INFO stop crawling
2017-11-06 15:28:15,954 INFO stop crawling
2017-11-06 15:28:15,954 INFO stop crawling
2017-11-06 15:28:15,954 INFO stop crawling
2017-11-06 15:28:47,883 INFO interval time setted as 60
2017-11-06 15:28:47,883 INFO interval time setted as 60
2017-11-06 15:28:47,883 INFO interval time setted as 60
2017-11-06 15:28:47,883 INFO interval time setted as 60
2017-11-06 15:28:47,883 INFO opening file ./wishlist.txt
2017-11-06 15:28:47,883 INFO opening file ./wishlist.txt
2017-11-06 15:28:47,883 INFO opening file ./wishlist.txt
2017-11-06 15:28:47,883 INFO opening file ./wishlist.txt
2017-11-06 15:28:47,884 INFO getting the keyword list
2017-11-06 15:28:47,884 INFO getting the keyword list
2017-11-06 15:28:47,884 INFO getting the keyword list
2017-11-06 15:28:47,884 INFO getting the keyword list
2017-11-06 15:28:47,884 INFO start crawling
2017-11-06 15:28:47,884 INFO start crawling
2017-11-06 15:28:47,884 INFO start crawling
2017-11-06 15:28:47,884 INFO start crawling
2017-11-06 15:28:48,514 ERROR runner is tired of running, jump out!
2017-11-06 15:28:48,514 ERROR runner is tired of running, jump out!
2017-11-06 15:28:48,514 ERROR runner is tired of running, jump out!
2017-11-06 15:28:48,514 ERROR runner is tired of running, jump out!
2017-11-06 15:42:14,427 INFO interval time setted as 60
2017-11-06 15:42:14,427 INFO interval time setted as 60
2017-11-06 15:42:14,427 INFO interval time setted as 60
2017-11-06 15:42:14,427 INFO interval time setted as 60
2017-11-06 15:42:14,428 INFO opening file ./wishlist.txt
2017-11-06 15:42:14,428 INFO opening file ./wishlist.txt
2017-11-06 15:42:14,428 INFO opening file ./wishlist.txt
2017-11-06 15:42:14,428 INFO opening file ./wishlist.txt
2017-11-06 15:42:14,428 INFO getting the keyword list
2017-11-06 15:42:14,428 INFO getting the keyword list
2017-11-06 15:42:14,428 INFO getting the keyword list
2017-11-06 15:42:14,428 INFO getting the keyword list
2017-11-06 15:42:14,428 INFO start crawling
2017-11-06 15:42:14,428 INFO start crawling
2017-11-06 15:42:14,428 INFO start crawling
2017-11-06 15:42:14,428 INFO start crawling
2017-11-06 15:42:15,071 ERROR runner is tired of running, jump out!
2017-11-06 15:42:15,071 ERROR runner is tired of running, jump out!
2017-11-06 15:42:15,071 ERROR runner is tired of running, jump out!
2017-11-06 15:42:15,071 ERROR runner is tired of running, jump out!
2017-11-06 15:43:26,696 INFO interval time setted as 60
2017-11-06 15:43:26,696 INFO interval time setted as 60
2017-11-06 15:43:26,696 INFO interval time setted as 60
2017-11-06 15:43:26,696 INFO interval time setted as 60
2017-11-06 15:43:26,697 INFO opening file ./wishlist.txt
2017-11-06 15:43:26,697 INFO opening file ./wishlist.txt
2017-11-06 15:43:26,697 INFO opening file ./wishlist.txt
2017-11-06 15:43:26,697 INFO opening file ./wishlist.txt
2017-11-06 15:43:26,697 INFO getting the keyword list
2017-11-06 15:43:26,697 INFO getting the keyword list
2017-11-06 15:43:26,697 INFO getting the keyword list
2017-11-06 15:43:26,697 INFO getting the keyword list
2017-11-06 15:43:26,697 INFO start crawling
2017-11-06 15:43:26,697 INFO start crawling
2017-11-06 15:43:26,697 INFO start crawling
2017-11-06 15:43:26,697 INFO start crawling
2017-11-06 15:43:27,098 ERROR runner is tired of running, jump out!
2017-11-06 15:43:27,098 ERROR runner is tired of running, jump out!
2017-11-06 15:43:27,098 ERROR runner is tired of running, jump out!
2017-11-06 15:43:27,098 ERROR runner is tired of running, jump out!
2017-11-06 15:43:40,337 INFO interval time setted as 60
2017-11-06 15:43:40,337 INFO interval time setted as 60
2017-11-06 15:43:40,337 INFO interval time setted as 60
2017-11-06 15:43:40,337 INFO interval time setted as 60
2017-11-06 15:43:40,337 INFO opening file ./wishlist.txt
2017-11-06 15:43:40,337 INFO opening file ./wishlist.txt
2017-11-06 15:43:40,337 INFO opening file ./wishlist.txt
2017-11-06 15:43:40,337 INFO opening file ./wishlist.txt
2017-11-06 15:43:40,337 INFO getting the keyword list
2017-11-06 15:43:40,337 INFO getting the keyword list
2017-11-06 15:43:40,337 INFO getting the keyword list
2017-11-06 15:43:40,337 INFO getting the keyword list
2017-11-06 15:43:40,337 INFO start crawling
2017-11-06 15:43:40,337 INFO start crawling
2017-11-06 15:43:40,337 INFO start crawling
2017-11-06 15:43:40,337 INFO start crawling
2017-11-06 15:43:41,846 ERROR runner is tired of running, jump out!
2017-11-06 15:43:41,846 ERROR runner is tired of running, jump out!
2017-11-06 15:43:41,846 ERROR runner is tired of running, jump out!
2017-11-06 15:43:41,846 ERROR runner is tired of running, jump out!
2017-11-06 15:44:06,107 INFO interval time setted as 60
2017-11-06 15:44:06,107 INFO interval time setted as 60
2017-11-06 15:44:06,107 INFO interval time setted as 60
2017-11-06 15:44:06,107 INFO interval time setted as 60
2017-11-06 15:44:06,107 INFO opening file ./wishlist.txt
2017-11-06 15:44:06,107 INFO opening file ./wishlist.txt
2017-11-06 15:44:06,107 INFO opening file ./wishlist.txt
2017-11-06 15:44:06,107 INFO opening file ./wishlist.txt
2017-11-06 15:44:06,107 INFO getting the keyword list
2017-11-06 15:44:06,107 INFO getting the keyword list
2017-11-06 15:44:06,107 INFO getting the keyword list
2017-11-06 15:44:06,107 INFO getting the keyword list
2017-11-06 15:44:06,107 INFO start crawling
2017-11-06 15:44:06,107 INFO start crawling
2017-11-06 15:44:06,107 INFO start crawling
2017-11-06 15:44:06,107 INFO start crawling
2017-11-06 15:44:08,015 ERROR runner is tired of running, jump out!
2017-11-06 15:44:08,015 ERROR runner is tired of running, jump out!
2017-11-06 15:44:08,015 ERROR runner is tired of running, jump out!
2017-11-06 15:44:08,015 ERROR runner is tired of running, jump out!
2017-11-06 15:51:33,006 INFO interval time setted as 60
2017-11-06 15:51:33,006 INFO interval time setted as 60
2017-11-06 15:51:33,006 INFO interval time setted as 60
2017-11-06 15:51:33,006 INFO interval time setted as 60
2017-11-06 15:51:33,006 INFO opening file ./wishlist.txt
2017-11-06 15:51:33,006 INFO opening file ./wishlist.txt
2017-11-06 15:51:33,006 INFO opening file ./wishlist.txt
2017-11-06 15:51:33,006 INFO opening file ./wishlist.txt
2017-11-06 15:51:33,006 INFO getting the keyword list
2017-11-06 15:51:33,006 INFO getting the keyword list
2017-11-06 15:51:33,006 INFO getting the keyword list
2017-11-06 15:51:33,006 INFO getting the keyword list
2017-11-06 15:51:33,006 INFO start crawling
2017-11-06 15:51:33,006 INFO start crawling
2017-11-06 15:51:33,006 INFO start crawling
2017-11-06 15:51:33,006 INFO start crawling
2017-11-06 15:51:34,151 ERROR runner is tired of running, jump out!
2017-11-06 15:51:34,151 ERROR runner is tired of running, jump out!
2017-11-06 15:51:34,151 ERROR runner is tired of running, jump out!
2017-11-06 15:51:34,151 ERROR runner is tired of running, jump out!
2017-11-06 15:52:32,554 INFO interval time setted as 60
2017-11-06 15:52:32,554 INFO interval time setted as 60
2017-11-06 15:52:32,554 INFO interval time setted as 60
2017-11-06 15:52:32,554 INFO interval time setted as 60
2017-11-06 15:52:32,554 INFO opening file ./wishlist.txt
2017-11-06 15:52:32,554 INFO opening file ./wishlist.txt
2017-11-06 15:52:32,554 INFO opening file ./wishlist.txt
2017-11-06 15:52:32,554 INFO opening file ./wishlist.txt
2017-11-06 15:52:32,554 INFO getting the keyword list
2017-11-06 15:52:32,554 INFO getting the keyword list
2017-11-06 15:52:32,554 INFO getting the keyword list
2017-11-06 15:52:32,554 INFO getting the keyword list
2017-11-06 15:52:32,554 INFO start crawling
2017-11-06 15:52:32,554 INFO start crawling
2017-11-06 15:52:32,554 INFO start crawling
2017-11-06 15:52:32,554 INFO start crawling
2017-11-06 15:52:33,196 INFO stop crawling
2017-11-06 15:52:33,196 INFO stop crawling
2017-11-06 15:52:33,196 INFO stop crawling
2017-11-06 15:52:33,196 INFO stop crawling
2017-11-06 15:52:49,257 INFO interval time setted as 60
2017-11-06 15:52:49,257 INFO interval time setted as 60
2017-11-06 15:52:49,257 INFO interval time setted as 60
2017-11-06 15:52:49,257 INFO interval time setted as 60
2017-11-06 15:52:49,257 INFO opening file ./wishlist.txt
2017-11-06 15:52:49,257 INFO opening file ./wishlist.txt
2017-11-06 15:52:49,257 INFO opening file ./wishlist.txt
2017-11-06 15:52:49,257 INFO opening file ./wishlist.txt
2017-11-06 15:52:49,257 INFO getting the keyword list
2017-11-06 15:52:49,257 INFO getting the keyword list
2017-11-06 15:52:49,257 INFO getting the keyword list
2017-11-06 15:52:49,257 INFO getting the keyword list
2017-11-06 15:52:49,257 INFO start crawling
2017-11-06 15:52:49,257 INFO start crawling
2017-11-06 15:52:49,257 INFO start crawling
2017-11-06 15:52:49,257 INFO start crawling
2017-11-06 15:52:49,744 INFO stop crawling
2017-11-06 15:52:49,744 INFO stop crawling
2017-11-06 15:52:49,744 INFO stop crawling
2017-11-06 15:52:49,744 INFO stop crawling
2017-11-06 15:56:25,117 INFO interval time setted as 60
2017-11-06 15:56:25,117 INFO interval time setted as 60
2017-11-06 15:56:25,117 INFO interval time setted as 60
2017-11-06 15:56:25,117 INFO interval time setted as 60
2017-11-06 15:56:25,117 INFO opening file ./wishlist.txt
2017-11-06 15:56:25,117 INFO opening file ./wishlist.txt
2017-11-06 15:56:25,117 INFO opening file ./wishlist.txt
2017-11-06 15:56:25,117 INFO opening file ./wishlist.txt
2017-11-06 15:56:25,117 INFO getting the keyword list
2017-11-06 15:56:25,117 INFO getting the keyword list
2017-11-06 15:56:25,117 INFO getting the keyword list
2017-11-06 15:56:25,117 INFO getting the keyword list
2017-11-06 15:56:25,117 INFO start crawling
2017-11-06 15:56:25,117 INFO start crawling
2017-11-06 15:56:25,117 INFO start crawling
2017-11-06 15:56:25,117 INFO start crawling
2017-11-06 15:56:25,632 INFO stop crawling
2017-11-06 15:56:25,632 INFO stop crawling
2017-11-06 15:56:25,632 INFO stop crawling
2017-11-06 15:56:25,632 INFO stop crawling
2017-11-06 15:56:40,502 INFO interval time setted as 60
2017-11-06 15:56:40,502 INFO interval time setted as 60
2017-11-06 15:56:40,502 INFO interval time setted as 60
2017-11-06 15:56:40,502 INFO interval time setted as 60
2017-11-06 15:56:40,502 INFO opening file ./wishlist.txt
2017-11-06 15:56:40,502 INFO opening file ./wishlist.txt
2017-11-06 15:56:40,502 INFO opening file ./wishlist.txt
2017-11-06 15:56:40,502 INFO opening file ./wishlist.txt
2017-11-06 15:56:40,502 INFO getting the keyword list
2017-11-06 15:56:40,502 INFO getting the keyword list
2017-11-06 15:56:40,502 INFO getting the keyword list
2017-11-06 15:56:40,502 INFO getting the keyword list
2017-11-06 15:56:40,502 INFO start crawling
2017-11-06 15:56:40,502 INFO start crawling
2017-11-06 15:56:40,502 INFO start crawling
2017-11-06 15:56:40,502 INFO start crawling
2017-11-06 15:56:41,246 INFO stop crawling
2017-11-06 15:56:41,246 INFO stop crawling
2017-11-06 15:56:41,246 INFO stop crawling
2017-11-06 15:56:41,246 INFO stop crawling
2017-11-06 15:58:55,863 INFO interval time setted as 60
2017-11-06 15:58:55,863 INFO interval time setted as 60
2017-11-06 15:58:55,863 INFO interval time setted as 60
2017-11-06 15:58:55,863 INFO interval time setted as 60
2017-11-06 15:58:55,864 INFO opening file ./wishlist.txt
2017-11-06 15:58:55,864 INFO opening file ./wishlist.txt
2017-11-06 15:58:55,864 INFO opening file ./wishlist.txt
2017-11-06 15:58:55,864 INFO opening file ./wishlist.txt
2017-11-06 15:58:55,864 INFO getting the keyword list
2017-11-06 15:58:55,864 INFO getting the keyword list
2017-11-06 15:58:55,864 INFO getting the keyword list
2017-11-06 15:58:55,864 INFO getting the keyword list
2017-11-06 15:58:55,864 INFO start crawling
2017-11-06 15:58:55,864 INFO start crawling
2017-11-06 15:58:55,864 INFO start crawling
2017-11-06 15:58:55,864 INFO start crawling
2017-11-06 15:58:56,454 INFO stop crawling
2017-11-06 15:58:56,454 INFO stop crawling
2017-11-06 15:58:56,454 INFO stop crawling
2017-11-06 15:58:56,454 INFO stop crawling
2017-11-06 15:59:25,639 INFO interval time setted as 60
2017-11-06 15:59:25,639 INFO interval time setted as 60
2017-11-06 15:59:25,639 INFO interval time setted as 60
2017-11-06 15:59:25,639 INFO interval time setted as 60
2017-11-06 15:59:25,639 INFO opening file ./wishlist.txt
2017-11-06 15:59:25,639 INFO opening file ./wishlist.txt
2017-11-06 15:59:25,639 INFO opening file ./wishlist.txt
2017-11-06 15:59:25,639 INFO opening file ./wishlist.txt
2017-11-06 15:59:25,639 INFO getting the keyword list
2017-11-06 15:59:25,639 INFO getting the keyword list
2017-11-06 15:59:25,639 INFO getting the keyword list
2017-11-06 15:59:25,639 INFO getting the keyword list
2017-11-06 15:59:25,639 INFO start crawling
2017-11-06 15:59:25,639 INFO start crawling
2017-11-06 15:59:25,639 INFO start crawling
2017-11-06 15:59:25,639 INFO start crawling
2017-11-06 15:59:26,156 INFO stop crawling
2017-11-06 15:59:26,156 INFO stop crawling
2017-11-06 15:59:26,156 INFO stop crawling
2017-11-06 15:59:26,156 INFO stop crawling
2017-11-06 15:59:58,694 INFO interval time setted as 60
2017-11-06 15:59:58,694 INFO interval time setted as 60
2017-11-06 15:59:58,694 INFO interval time setted as 60
2017-11-06 15:59:58,694 INFO interval time setted as 60
2017-11-06 15:59:58,694 INFO opening file ./wishlist.txt
2017-11-06 15:59:58,694 INFO opening file ./wishlist.txt
2017-11-06 15:59:58,694 INFO opening file ./wishlist.txt
2017-11-06 15:59:58,694 INFO opening file ./wishlist.txt
2017-11-06 15:59:58,694 INFO getting the keyword list
2017-11-06 15:59:58,694 INFO getting the keyword list
2017-11-06 15:59:58,694 INFO getting the keyword list
2017-11-06 15:59:58,694 INFO getting the keyword list
2017-11-06 15:59:58,694 INFO start crawling
2017-11-06 15:59:58,694 INFO start crawling
2017-11-06 15:59:58,694 INFO start crawling
2017-11-06 15:59:58,694 INFO start crawling
2017-11-06 15:59:59,401 INFO stop crawling
2017-11-06 15:59:59,401 INFO stop crawling
2017-11-06 15:59:59,401 INFO stop crawling
2017-11-06 15:59:59,401 INFO stop crawling
2017-11-06 16:00:12,416 INFO interval time setted as 60
2017-11-06 16:00:12,416 INFO interval time setted as 60
2017-11-06 16:00:12,416 INFO interval time setted as 60
2017-11-06 16:00:12,416 INFO interval time setted as 60
2017-11-06 16:00:12,416 INFO opening file ./wishlist.txt
2017-11-06 16:00:12,416 INFO opening file ./wishlist.txt
2017-11-06 16:00:12,416 INFO opening file ./wishlist.txt
2017-11-06 16:00:12,416 INFO opening file ./wishlist.txt
2017-11-06 16:00:12,417 INFO getting the keyword list
2017-11-06 16:00:12,417 INFO getting the keyword list
2017-11-06 16:00:12,417 INFO getting the keyword list
2017-11-06 16:00:12,417 INFO getting the keyword list
2017-11-06 16:00:12,417 INFO start crawling
2017-11-06 16:00:12,417 INFO start crawling
2017-11-06 16:00:12,417 INFO start crawling
2017-11-06 16:00:12,417 INFO start crawling
2017-11-06 16:00:13,054 INFO stop crawling
2017-11-06 16:00:13,054 INFO stop crawling
2017-11-06 16:00:13,054 INFO stop crawling
2017-11-06 16:00:13,054 INFO stop crawling
2017-11-06 16:01:34,433 INFO interval time setted as 60
2017-11-06 16:01:34,433 INFO interval time setted as 60
2017-11-06 16:01:34,433 INFO interval time setted as 60
2017-11-06 16:01:34,433 INFO interval time setted as 60
2017-11-06 16:01:34,434 INFO opening file ./wishlist.txt
2017-11-06 16:01:34,434 INFO opening file ./wishlist.txt
2017-11-06 16:01:34,434 INFO opening file ./wishlist.txt
2017-11-06 16:01:34,434 INFO opening file ./wishlist.txt
2017-11-06 16:01:34,434 INFO getting the keyword list
2017-11-06 16:01:34,434 INFO getting the keyword list
2017-11-06 16:01:34,434 INFO getting the keyword list
2017-11-06 16:01:34,434 INFO getting the keyword list
2017-11-06 16:01:34,434 INFO start crawling
2017-11-06 16:01:34,434 INFO start crawling
2017-11-06 16:01:34,434 INFO start crawling
2017-11-06 16:01:34,434 INFO start crawling
2017-11-06 16:01:34,980 INFO stop crawling
2017-11-06 16:01:34,980 INFO stop crawling
2017-11-06 16:01:34,980 INFO stop crawling
2017-11-06 16:01:34,980 INFO stop crawling
2017-11-06 16:24:34,990 INFO interval time setted as 60
2017-11-06 16:24:34,990 INFO interval time setted as 60
2017-11-06 16:24:34,990 INFO interval time setted as 60
2017-11-06 16:24:34,990 INFO interval time setted as 60
2017-11-06 16:24:34,990 INFO interval time setted as 60
2017-11-06 16:24:34,990 INFO opening file ./wishlist.txt
2017-11-06 16:24:34,990 INFO opening file ./wishlist.txt
2017-11-06 16:24:34,990 INFO opening file ./wishlist.txt
2017-11-06 16:24:34,990 INFO opening file ./wishlist.txt
2017-11-06 16:24:34,990 INFO opening file ./wishlist.txt
2017-11-06 16:24:34,990 INFO getting the keyword list
2017-11-06 16:24:34,990 INFO getting the keyword list
2017-11-06 16:24:34,990 INFO getting the keyword list
2017-11-06 16:24:34,990 INFO getting the keyword list
2017-11-06 16:24:34,990 INFO getting the keyword list
2017-11-06 16:24:34,990 INFO start crawling
2017-11-06 16:24:34,990 INFO start crawling
2017-11-06 16:24:34,990 INFO start crawling
2017-11-06 16:24:34,990 INFO start crawling
2017-11-06 16:24:34,990 INFO start crawling
2017-11-06 16:24:35,653 INFO stop crawling
2017-11-06 16:24:35,653 INFO stop crawling
2017-11-06 16:24:35,653 INFO stop crawling
2017-11-06 16:24:35,653 INFO stop crawling
2017-11-06 16:24:35,653 INFO stop crawling
2017-11-06 16:25:18,624 INFO interval time setted as 60
2017-11-06 16:25:18,624 INFO interval time setted as 60
2017-11-06 16:25:18,624 INFO interval time setted as 60
2017-11-06 16:25:18,624 INFO interval time setted as 60
2017-11-06 16:25:18,624 INFO interval time setted as 60
2017-11-06 16:25:18,624 INFO opening file ./wishlist.txt
2017-11-06 16:25:18,624 INFO opening file ./wishlist.txt
2017-11-06 16:25:18,624 INFO opening file ./wishlist.txt
2017-11-06 16:25:18,624 INFO opening file ./wishlist.txt
2017-11-06 16:25:18,624 INFO opening file ./wishlist.txt
2017-11-06 16:25:18,624 INFO getting the keyword list
2017-11-06 16:25:18,624 INFO getting the keyword list
2017-11-06 16:25:18,624 INFO getting the keyword list
2017-11-06 16:25:18,624 INFO getting the keyword list
2017-11-06 16:25:18,624 INFO getting the keyword list
2017-11-06 16:25:18,624 INFO start crawling
2017-11-06 16:25:18,624 INFO start crawling
2017-11-06 16:25:18,624 INFO start crawling
2017-11-06 16:25:18,624 INFO start crawling
2017-11-06 16:25:18,624 INFO start crawling
2017-11-06 16:25:19,108 INFO stop crawling
2017-11-06 16:25:19,108 INFO stop crawling
2017-11-06 16:25:19,108 INFO stop crawling
2017-11-06 16:25:19,108 INFO stop crawling
2017-11-06 16:25:19,108 INFO stop crawling
2017-11-06 16:26:31,462 INFO interval time setted as 60
2017-11-06 16:26:31,462 INFO interval time setted as 60
2017-11-06 16:26:31,462 INFO interval time setted as 60
2017-11-06 16:26:31,462 INFO interval time setted as 60
2017-11-06 16:26:31,462 INFO interval time setted as 60
2017-11-06 16:26:31,462 INFO opening file ./wishlist.txt
2017-11-06 16:26:31,462 INFO opening file ./wishlist.txt
2017-11-06 16:26:31,462 INFO opening file ./wishlist.txt
2017-11-06 16:26:31,462 INFO opening file ./wishlist.txt
2017-11-06 16:26:31,462 INFO opening file ./wishlist.txt
2017-11-06 16:26:31,462 INFO getting the keyword list
2017-11-06 16:26:31,462 INFO getting the keyword list
2017-11-06 16:26:31,462 INFO getting the keyword list
2017-11-06 16:26:31,462 INFO getting the keyword list
2017-11-06 16:26:31,462 INFO getting the keyword list
2017-11-06 16:26:31,462 INFO start crawling
2017-11-06 16:26:31,462 INFO start crawling
2017-11-06 16:26:31,462 INFO start crawling
2017-11-06 16:26:31,462 INFO start crawling
2017-11-06 16:26:31,462 INFO start crawling
2017-11-06 16:26:31,971 INFO stop crawling
2017-11-06 16:26:31,971 INFO stop crawling
2017-11-06 16:26:31,971 INFO stop crawling
2017-11-06 16:26:31,971 INFO stop crawling
2017-11-06 16:26:31,971 INFO stop crawling
2017-11-06 16:27:04,984 INFO interval time setted as 5
2017-11-06 16:27:04,984 INFO interval time setted as 5
2017-11-06 16:27:04,984 INFO interval time setted as 5
2017-11-06 16:27:04,984 INFO interval time setted as 5
2017-11-06 16:27:04,984 INFO interval time setted as 5
2017-11-06 16:27:04,984 INFO opening file ./wishlist.txt
2017-11-06 16:27:04,984 INFO opening file ./wishlist.txt
2017-11-06 16:27:04,984 INFO opening file ./wishlist.txt
2017-11-06 16:27:04,984 INFO opening file ./wishlist.txt
2017-11-06 16:27:04,984 INFO opening file ./wishlist.txt
2017-11-06 16:27:04,984 INFO getting the keyword list
2017-11-06 16:27:04,984 INFO getting the keyword list
2017-11-06 16:27:04,984 INFO getting the keyword list
2017-11-06 16:27:04,984 INFO getting the keyword list
2017-11-06 16:27:04,984 INFO getting the keyword list
2017-11-06 16:27:04,984 INFO start crawling
2017-11-06 16:27:04,984 INFO start crawling
2017-11-06 16:27:04,984 INFO start crawling
2017-11-06 16:27:04,984 INFO start crawling
2017-11-06 16:27:04,984 INFO start crawling
2017-11-06 16:27:05,497 INFO stop crawling
2017-11-06 16:27:05,497 INFO stop crawling
2017-11-06 16:27:05,497 INFO stop crawling
2017-11-06 16:27:05,497 INFO stop crawling
2017-11-06 16:27:05,497 INFO stop crawling
2017-11-06 16:27:10,502 INFO start crawling
2017-11-06 16:27:10,502 INFO start crawling
2017-11-06 16:27:10,502 INFO start crawling
2017-11-06 16:27:10,502 INFO start crawling
2017-11-06 16:27:10,502 INFO start crawling
2017-11-06 16:27:11,006 INFO stop crawling
2017-11-06 16:27:11,006 INFO stop crawling
2017-11-06 16:27:11,006 INFO stop crawling
2017-11-06 16:27:11,006 INFO stop crawling
2017-11-06 16:27:11,006 INFO stop crawling
2017-11-06 16:27:16,011 INFO start crawling
2017-11-06 16:27:16,011 INFO start crawling
2017-11-06 16:27:16,011 INFO start crawling
2017-11-06 16:27:16,011 INFO start crawling
2017-11-06 16:27:16,011 INFO start crawling
2017-11-06 16:27:16,654 INFO stop crawling
2017-11-06 16:27:16,654 INFO stop crawling
2017-11-06 16:27:16,654 INFO stop crawling
2017-11-06 16:27:16,654 INFO stop crawling
2017-11-06 16:27:16,654 INFO stop crawling
2017-11-06 16:27:52,233 INFO interval time setted as 5
2017-11-06 16:27:52,233 INFO interval time setted as 5
2017-11-06 16:27:52,233 INFO interval time setted as 5
2017-11-06 16:27:52,233 INFO interval time setted as 5
2017-11-06 16:27:52,233 INFO interval time setted as 5
2017-11-06 16:27:52,233 INFO opening file ./wishlist.txt
2017-11-06 16:27:52,233 INFO opening file ./wishlist.txt
2017-11-06 16:27:52,233 INFO opening file ./wishlist.txt
2017-11-06 16:27:52,233 INFO opening file ./wishlist.txt
2017-11-06 16:27:52,233 INFO opening file ./wishlist.txt
2017-11-06 16:27:52,233 INFO getting the keyword list
2017-11-06 16:27:52,233 INFO getting the keyword list
2017-11-06 16:27:52,233 INFO getting the keyword list
2017-11-06 16:27:52,233 INFO getting the keyword list
2017-11-06 16:27:52,233 INFO getting the keyword list
2017-11-06 16:27:52,233 INFO start crawling
2017-11-06 16:27:52,233 INFO start crawling
2017-11-06 16:27:52,233 INFO start crawling
2017-11-06 16:27:52,233 INFO start crawling
2017-11-06 16:27:52,233 INFO start crawling
2017-11-06 16:27:52,721 INFO stop crawling
2017-11-06 16:27:52,721 INFO stop crawling
2017-11-06 16:27:52,721 INFO stop crawling
2017-11-06 16:27:52,721 INFO stop crawling
2017-11-06 16:27:52,721 INFO stop crawling
2017-11-06 16:27:57,726 INFO start crawling
2017-11-06 16:27:57,726 INFO start crawling
2017-11-06 16:27:57,726 INFO start crawling
2017-11-06 16:27:57,726 INFO start crawling
2017-11-06 16:27:57,726 INFO start crawling
2017-11-06 16:27:58,734 INFO stop crawling
2017-11-06 16:27:58,734 INFO stop crawling
2017-11-06 16:27:58,734 INFO stop crawling
2017-11-06 16:27:58,734 INFO stop crawling
2017-11-06 16:27:58,734 INFO stop crawling
2017-11-06 19:14:11,887 INFO interval time setted as 5
2017-11-06 19:14:11,887 INFO interval time setted as 5
2017-11-06 19:14:11,887 INFO interval time setted as 5
2017-11-06 19:14:11,887 INFO interval time setted as 5
2017-11-06 19:14:11,887 INFO interval time setted as 5
2017-11-06 19:14:11,888 INFO opening file ./wishlist.txt
2017-11-06 19:14:11,888 INFO opening file ./wishlist.txt
2017-11-06 19:14:11,888 INFO opening file ./wishlist.txt
2017-11-06 19:14:11,888 INFO opening file ./wishlist.txt
2017-11-06 19:14:11,888 INFO opening file ./wishlist.txt
2017-11-06 19:14:11,888 INFO getting the keyword list
2017-11-06 19:14:11,888 INFO getting the keyword list
2017-11-06 19:14:11,888 INFO getting the keyword list
2017-11-06 19:14:11,888 INFO getting the keyword list
2017-11-06 19:14:11,888 INFO getting the keyword list
2017-11-06 19:15:28,172 ERROR email server setup failed, quiting....
2017-11-06 19:15:28,172 ERROR email server setup failed, quiting....
2017-11-06 19:15:28,172 ERROR email server setup failed, quiting....
2017-11-06 19:15:28,172 ERROR email server setup failed, quiting....
2017-11-06 19:15:28,172 ERROR email server setup failed, quiting....
2017-11-06 19:20:20,925 INFO interval time setted as 5
2017-11-06 19:20:20,925 INFO interval time setted as 5
2017-11-06 19:20:20,925 INFO interval time setted as 5
2017-11-06 19:20:20,925 INFO interval time setted as 5
2017-11-06 19:20:20,925 INFO interval time setted as 5
2017-11-06 19:20:20,926 INFO opening file ./wishlist.txt
2017-11-06 19:20:20,926 INFO opening file ./wishlist.txt
2017-11-06 19:20:20,926 INFO opening file ./wishlist.txt
2017-11-06 19:20:20,926 INFO opening file ./wishlist.txt
2017-11-06 19:20:20,926 INFO opening file ./wishlist.txt
2017-11-06 19:20:20,926 INFO getting the keyword list
2017-11-06 19:20:20,926 INFO getting the keyword list
2017-11-06 19:20:20,926 INFO getting the keyword list
2017-11-06 19:20:20,926 INFO getting the keyword list
2017-11-06 19:20:20,926 INFO getting the keyword list
2017-11-06 19:20:23,147 INFO start crawling
2017-11-06 19:20:23,147 INFO start crawling
2017-11-06 19:20:23,147 INFO start crawling
2017-11-06 19:20:23,147 INFO start crawling
2017-11-06 19:20:23,147 INFO start crawling
2017-11-06 19:20:24,717 INFO stop crawling, and start to flushing
2017-11-06 19:20:24,717 INFO stop crawling, and start to flushing
2017-11-06 19:20:24,717 INFO stop crawling, and start to flushing
2017-11-06 19:20:24,717 INFO stop crawling, and start to flushing
2017-11-06 19:20:24,717 INFO stop crawling, and start to flushing
2017-11-06 19:20:24,717 INFO flushing all the messages in the not_sent queue
2017-11-06 19:20:24,717 INFO flushing all the messages in the not_sent queue
2017-11-06 19:20:24,717 INFO flushing all the messages in the not_sent queue
2017-11-06 19:20:24,717 INFO flushing all the messages in the not_sent queue
2017-11-06 19:20:24,717 INFO flushing all the messages in the not_sent queue
2017-11-06 19:20:24,717 ERROR runner is tired of running, jump out!
2017-11-06 19:20:24,717 ERROR runner is tired of running, jump out!
2017-11-06 19:20:24,717 ERROR runner is tired of running, jump out!
2017-11-06 19:20:24,717 ERROR runner is tired of running, jump out!
2017-11-06 19:20:24,717 ERROR runner is tired of running, jump out!
2017-11-06 19:21:16,710 INFO interval time setted as 5
2017-11-06 19:21:16,710 INFO interval time setted as 5
2017-11-06 19:21:16,710 INFO interval time setted as 5
2017-11-06 19:21:16,710 INFO interval time setted as 5
2017-11-06 19:21:16,710 INFO interval time setted as 5
2017-11-06 19:21:16,710 INFO opening file ./wishlist.txt
2017-11-06 19:21:16,710 INFO opening file ./wishlist.txt
2017-11-06 19:21:16,710 INFO opening file ./wishlist.txt
2017-11-06 19:21:16,710 INFO opening file ./wishlist.txt
2017-11-06 19:21:16,710 INFO opening file ./wishlist.txt
2017-11-06 19:21:16,710 INFO getting the keyword list
2017-11-06 19:21:16,710 INFO getting the keyword list
2017-11-06 19:21:16,710 INFO getting the keyword list
2017-11-06 19:21:16,710 INFO getting the keyword list
2017-11-06 19:21:16,710 INFO getting the keyword list
2017-11-06 19:21:18,138 INFO start crawling
2017-11-06 19:21:18,138 INFO start crawling
2017-11-06 19:21:18,138 INFO start crawling
2017-11-06 19:21:18,138 INFO start crawling
2017-11-06 19:21:18,138 INFO start crawling
2017-11-06 19:21:20,756 INFO stop crawling, and start to flushing
2017-11-06 19:21:20,756 INFO stop crawling, and start to flushing
2017-11-06 19:21:20,756 INFO stop crawling, and start to flushing
2017-11-06 19:21:20,756 INFO stop crawling, and start to flushing
2017-11-06 19:21:20,756 INFO stop crawling, and start to flushing
2017-11-06 19:21:20,756 INFO flushing all the messages in the not_sent queue
2017-11-06 19:21:20,756 INFO flushing all the messages in the not_sent queue
2017-11-06 19:21:20,756 INFO flushing all the messages in the not_sent queue
2017-11-06 19:21:20,756 INFO flushing all the messages in the not_sent queue
2017-11-06 19:21:20,756 INFO flushing all the messages in the not_sent queue
2017-11-06 19:21:20,757 ERROR runner is tired of running, jump out!
2017-11-06 19:21:20,757 ERROR runner is tired of running, jump out!
2017-11-06 19:21:20,757 ERROR runner is tired of running, jump out!
2017-11-06 19:21:20,757 ERROR runner is tired of running, jump out!
2017-11-06 19:21:20,757 ERROR runner is tired of running, jump out!
2017-11-06 19:22:12,670 INFO interval time setted as 5
2017-11-06 19:22:12,670 INFO interval time setted as 5
2017-11-06 19:22:12,670 INFO interval time setted as 5
2017-11-06 19:22:12,670 INFO interval time setted as 5
2017-11-06 19:22:12,670 INFO interval time setted as 5
2017-11-06 19:22:12,671 INFO opening file ./wishlist.txt
2017-11-06 19:22:12,671 INFO opening file ./wishlist.txt
2017-11-06 19:22:12,671 INFO opening file ./wishlist.txt
2017-11-06 19:22:12,671 INFO opening file ./wishlist.txt
2017-11-06 19:22:12,671 INFO opening file ./wishlist.txt
2017-11-06 19:22:12,671 INFO getting the keyword list
2017-11-06 19:22:12,671 INFO getting the keyword list
2017-11-06 19:22:12,671 INFO getting the keyword list
2017-11-06 19:22:12,671 INFO getting the keyword list
2017-11-06 19:22:12,671 INFO getting the keyword list
2017-11-06 19:22:14,643 INFO start crawling
2017-11-06 19:22:14,643 INFO start crawling
2017-11-06 19:22:14,643 INFO start crawling
2017-11-06 19:22:14,643 INFO start crawling
2017-11-06 19:22:14,643 INFO start crawling
2017-11-06 19:22:20,737 INFO stop crawling, and start to flushing
2017-11-06 19:22:20,737 INFO stop crawling, and start to flushing
2017-11-06 19:22:20,737 INFO stop crawling, and start to flushing
2017-11-06 19:22:20,737 INFO stop crawling, and start to flushing
2017-11-06 19:22:20,737 INFO stop crawling, and start to flushing
2017-11-06 19:22:20,737 INFO flushing all the messages in the not_sent queue
2017-11-06 19:22:20,737 INFO flushing all the messages in the not_sent queue
2017-11-06 19:22:20,737 INFO flushing all the messages in the not_sent queue
2017-11-06 19:22:20,737 INFO flushing all the messages in the not_sent queue
2017-11-06 19:22:20,737 INFO flushing all the messages in the not_sent queue
2017-11-06 19:22:20,738 ERROR runner is tired of running, jump out!
2017-11-06 19:22:20,738 ERROR runner is tired of running, jump out!
2017-11-06 19:22:20,738 ERROR runner is tired of running, jump out!
2017-11-06 19:22:20,738 ERROR runner is tired of running, jump out!
2017-11-06 19:22:20,738 ERROR runner is tired of running, jump out!
2017-11-06 19:23:25,736 INFO interval time setted as 5
2017-11-06 19:23:25,736 INFO interval time setted as 5
2017-11-06 19:23:25,736 INFO interval time setted as 5
2017-11-06 19:23:25,736 INFO interval time setted as 5
2017-11-06 19:23:25,736 INFO interval time setted as 5
2017-11-06 19:23:25,737 INFO opening file ./wishlist.txt
2017-11-06 19:23:25,737 INFO opening file ./wishlist.txt
2017-11-06 19:23:25,737 INFO opening file ./wishlist.txt
2017-11-06 19:23:25,737 INFO opening file ./wishlist.txt
2017-11-06 19:23:25,737 INFO opening file ./wishlist.txt
2017-11-06 19:23:25,737 INFO getting the keyword list
2017-11-06 19:23:25,737 INFO getting the keyword list
2017-11-06 19:23:25,737 INFO getting the keyword list
2017-11-06 19:23:25,737 INFO getting the keyword list
2017-11-06 19:23:25,737 INFO getting the keyword list
2017-11-06 19:23:27,265 INFO start crawling
2017-11-06 19:23:27,265 INFO start crawling
2017-11-06 19:23:27,265 INFO start crawling
2017-11-06 19:23:27,265 INFO start crawling
2017-11-06 19:23:27,265 INFO start crawling
2017-11-06 19:23:28,772 INFO stop crawling, and start to flushing
2017-11-06 19:23:28,772 INFO stop crawling, and start to flushing
2017-11-06 19:23:28,772 INFO stop crawling, and start to flushing
2017-11-06 19:23:28,772 INFO stop crawling, and start to flushing
2017-11-06 19:23:28,772 INFO stop crawling, and start to flushing
2017-11-06 19:23:28,772 INFO flushing all the messages in the not_sent queue
2017-11-06 19:23:28,772 INFO flushing all the messages in the not_sent queue
2017-11-06 19:23:28,772 INFO flushing all the messages in the not_sent queue
2017-11-06 19:23:28,772 INFO flushing all the messages in the not_sent queue
2017-11-06 19:23:28,772 INFO flushing all the messages in the not_sent queue
2017-11-06 19:23:29,045 ERROR email failed to deliver
2017-11-06 19:23:29,045 ERROR email failed to deliver
2017-11-06 19:23:29,045 ERROR email failed to deliver
2017-11-06 19:23:29,045 ERROR email failed to deliver
2017-11-06 19:23:29,045 ERROR email failed to deliver
2017-11-06 19:23:29,046 ERROR runner is tired of running, jump out!
2017-11-06 19:23:29,046 ERROR runner is tired of running, jump out!
2017-11-06 19:23:29,046 ERROR runner is tired of running, jump out!
2017-11-06 19:23:29,046 ERROR runner is tired of running, jump out!
2017-11-06 19:23:29,046 ERROR runner is tired of running, jump out!
2017-11-06 19:24:50,104 INFO interval time setted as 5
2017-11-06 19:24:50,104 INFO interval time setted as 5
2017-11-06 19:24:50,104 INFO interval time setted as 5
2017-11-06 19:24:50,104 INFO interval time setted as 5
2017-11-06 19:24:50,104 INFO interval time setted as 5
2017-11-06 19:24:50,104 INFO opening file ./wishlist.txt
2017-11-06 19:24:50,104 INFO opening file ./wishlist.txt
2017-11-06 19:24:50,104 INFO opening file ./wishlist.txt
2017-11-06 19:24:50,104 INFO opening file ./wishlist.txt
2017-11-06 19:24:50,104 INFO opening file ./wishlist.txt
2017-11-06 19:24:50,104 INFO getting the keyword list
2017-11-06 19:24:50,104 INFO getting the keyword list
2017-11-06 19:24:50,104 INFO getting the keyword list
2017-11-06 19:24:50,104 INFO getting the keyword list
2017-11-06 19:24:50,104 INFO getting the keyword list
2017-11-06 19:24:52,940 INFO start crawling
2017-11-06 19:24:52,940 INFO start crawling
2017-11-06 19:24:52,940 INFO start crawling
2017-11-06 19:24:52,940 INFO start crawling
2017-11-06 19:24:52,940 INFO start crawling
2017-11-06 19:24:54,239 INFO stop crawling, and start to flushing
2017-11-06 19:24:54,239 INFO stop crawling, and start to flushing
2017-11-06 19:24:54,239 INFO stop crawling, and start to flushing
2017-11-06 19:24:54,239 INFO stop crawling, and start to flushing
2017-11-06 19:24:54,239 INFO stop crawling, and start to flushing
2017-11-06 19:24:54,239 INFO flushing all the messages in the not_sent queue
2017-11-06 19:24:54,239 INFO flushing all the messages in the not_sent queue
2017-11-06 19:24:54,239 INFO flushing all the messages in the not_sent queue
2017-11-06 19:24:54,239 INFO flushing all the messages in the not_sent queue
2017-11-06 19:24:54,239 INFO flushing all the messages in the not_sent queue
2017-11-06 19:24:54,240 ERROR email failed to deliver
2017-11-06 19:24:54,240 ERROR email failed to deliver
2017-11-06 19:24:54,240 ERROR email failed to deliver
2017-11-06 19:24:54,240 ERROR email failed to deliver
2017-11-06 19:24:54,240 ERROR email failed to deliver
2017-11-06 19:24:54,240 ERROR runner is tired of running, jump out!
2017-11-06 19:24:54,240 ERROR runner is tired of running, jump out!
2017-11-06 19:24:54,240 ERROR runner is tired of running, jump out!
2017-11-06 19:24:54,240 ERROR runner is tired of running, jump out!
2017-11-06 19:24:54,240 ERROR runner is tired of running, jump out!
2017-11-06 19:25:43,787 INFO interval time setted as 5
2017-11-06 19:25:43,787 INFO interval time setted as 5
2017-11-06 19:25:43,787 INFO interval time setted as 5
2017-11-06 19:25:43,787 INFO interval time setted as 5
2017-11-06 19:25:43,787 INFO interval time setted as 5
2017-11-06 19:25:43,787 INFO opening file ./wishlist.txt
2017-11-06 19:25:43,787 INFO opening file ./wishlist.txt
2017-11-06 19:25:43,787 INFO opening file ./wishlist.txt
2017-11-06 19:25:43,787 INFO opening file ./wishlist.txt
2017-11-06 19:25:43,787 INFO opening file ./wishlist.txt
2017-11-06 19:25:43,787 INFO getting the keyword list
2017-11-06 19:25:43,787 INFO getting the keyword list
2017-11-06 19:25:43,787 INFO getting the keyword list
2017-11-06 19:25:43,787 INFO getting the keyword list
2017-11-06 19:25:43,787 INFO getting the keyword list
2017-11-06 19:25:46,565 INFO start crawling
2017-11-06 19:25:46,565 INFO start crawling
2017-11-06 19:25:46,565 INFO start crawling
2017-11-06 19:25:46,565 INFO start crawling
2017-11-06 19:25:46,565 INFO start crawling
2017-11-06 19:25:48,028 INFO stop crawling, and start to flushing
2017-11-06 19:25:48,028 INFO stop crawling, and start to flushing
2017-11-06 19:25:48,028 INFO stop crawling, and start to flushing
2017-11-06 19:25:48,028 INFO stop crawling, and start to flushing
2017-11-06 19:25:48,028 INFO stop crawling, and start to flushing
2017-11-06 19:25:48,028 INFO flushing all the messages in the not_sent queue
2017-11-06 19:25:48,028 INFO flushing all the messages in the not_sent queue
2017-11-06 19:25:48,028 INFO flushing all the messages in the not_sent queue
2017-11-06 19:25:48,028 INFO flushing all the messages in the not_sent queue
2017-11-06 19:25:48,028 INFO flushing all the messages in the not_sent queue
2017-11-06 19:25:54,619 INFO start crawling
2017-11-06 19:25:54,619 INFO start crawling
2017-11-06 19:25:54,619 INFO start crawling
2017-11-06 19:25:54,619 INFO start crawling
2017-11-06 19:25:54,619 INFO start crawling
2017-11-06 19:25:55,905 INFO stop crawling, and start to flushing
2017-11-06 19:25:55,905 INFO stop crawling, and start to flushing
2017-11-06 19:25:55,905 INFO stop crawling, and start to flushing
2017-11-06 19:25:55,905 INFO stop crawling, and start to flushing
2017-11-06 19:25:55,905 INFO stop crawling, and start to flushing
2017-11-06 19:25:55,905 INFO flushing all the messages in the not_sent queue
2017-11-06 19:25:55,905 INFO flushing all the messages in the not_sent queue
2017-11-06 19:25:55,905 INFO flushing all the messages in the not_sent queue
2017-11-06 19:25:55,905 INFO flushing all the messages in the not_sent queue
2017-11-06 19:25:55,905 INFO flushing all the messages in the not_sent queue
2017-11-06 19:26:00,908 INFO start crawling
2017-11-06 19:26:00,908 INFO start crawling
2017-11-06 19:26:00,908 INFO start crawling
2017-11-06 19:26:00,908 INFO start crawling
2017-11-06 19:26:00,908 INFO start crawling
2017-11-06 19:26:06,688 INFO stop crawling, and start to flushing
2017-11-06 19:26:06,688 INFO stop crawling, and start to flushing
2017-11-06 19:26:06,688 INFO stop crawling, and start to flushing
2017-11-06 19:26:06,688 INFO stop crawling, and start to flushing
2017-11-06 19:26:06,688 INFO stop crawling, and start to flushing
2017-11-06 19:26:06,689 INFO flushing all the messages in the not_sent queue
2017-11-06 19:26:06,689 INFO flushing all the messages in the not_sent queue
2017-11-06 19:26:06,689 INFO flushing all the messages in the not_sent queue
2017-11-06 19:26:06,689 INFO flushing all the messages in the not_sent queue
2017-11-06 19:26:06,689 INFO flushing all the messages in the not_sent queue
2017-11-06 19:26:11,692 INFO start crawling
2017-11-06 19:26:11,692 INFO start crawling
2017-11-06 19:26:11,692 INFO start crawling
2017-11-06 19:26:11,692 INFO start crawling
2017-11-06 19:26:11,692 INFO start crawling
2017-11-06 19:26:13,051 INFO stop crawling, and start to flushing
2017-11-06 19:26:13,051 INFO stop crawling, and start to flushing
2017-11-06 19:26:13,051 INFO stop crawling, and start to flushing
2017-11-06 19:26:13,051 INFO stop crawling, and start to flushing
2017-11-06 19:26:13,051 INFO stop crawling, and start to flushing
2017-11-06 19:26:13,051 INFO flushing all the messages in the not_sent queue
2017-11-06 19:26:13,051 INFO flushing all the messages in the not_sent queue
2017-11-06 19:26:13,051 INFO flushing all the messages in the not_sent queue
2017-11-06 19:26:13,051 INFO flushing all the messages in the not_sent queue
2017-11-06 19:26:13,051 INFO flushing all the messages in the not_sent queue
2017-11-06 19:26:18,055 INFO start crawling
2017-11-06 19:26:18,055 INFO start crawling
2017-11-06 19:26:18,055 INFO start crawling
2017-11-06 19:26:18,055 INFO start crawling
2017-11-06 19:26:18,055 INFO start crawling
2017-11-06 19:26:19,278 INFO stop crawling, and start to flushing
2017-11-06 19:26:19,278 INFO stop crawling, and start to flushing
2017-11-06 19:26:19,278 INFO stop crawling, and start to flushing
2017-11-06 19:26:19,278 INFO stop crawling, and start to flushing
2017-11-06 19:26:19,278 INFO stop crawling, and start to flushing
2017-11-06 19:26:19,278 INFO flushing all the messages in the not_sent queue
2017-11-06 19:26:19,278 INFO flushing all the messages in the not_sent queue
2017-11-06 19:26:19,278 INFO flushing all the messages in the not_sent queue
2017-11-06 19:26:19,278 INFO flushing all the messages in the not_sent queue
2017-11-06 19:26:19,278 INFO flushing all the messages in the not_sent queue
2017-11-06 19:26:24,281 INFO start crawling
2017-11-06 19:26:24,281 INFO start crawling
2017-11-06 19:26:24,281 INFO start crawling
2017-11-06 19:26:24,281 INFO start crawling
2017-11-06 19:26:24,281 INFO start crawling
2017-11-06 19:26:25,677 INFO stop crawling, and start to flushing
2017-11-06 19:26:25,677 INFO stop crawling, and start to flushing
2017-11-06 19:26:25,677 INFO stop crawling, and start to flushing
2017-11-06 19:26:25,677 INFO stop crawling, and start to flushing
2017-11-06 19:26:25,677 INFO stop crawling, and start to flushing
2017-11-06 19:26:25,677 INFO flushing all the messages in the not_sent queue
2017-11-06 19:26:25,677 INFO flushing all the messages in the not_sent queue
2017-11-06 19:26:25,677 INFO flushing all the messages in the not_sent queue
2017-11-06 19:26:25,677 INFO flushing all the messages in the not_sent queue
2017-11-06 19:26:25,677 INFO flushing all the messages in the not_sent queue
2017-11-06 19:26:30,681 INFO start crawling
2017-11-06 19:26:30,681 INFO start crawling
2017-11-06 19:26:30,681 INFO start crawling
2017-11-06 19:26:30,681 INFO start crawling
2017-11-06 19:26:30,681 INFO start crawling
2017-11-06 19:26:32,282 INFO stop crawling, and start to flushing
2017-11-06 19:26:32,282 INFO stop crawling, and start to flushing
2017-11-06 19:26:32,282 INFO stop crawling, and start to flushing
2017-11-06 19:26:32,282 INFO stop crawling, and start to flushing
2017-11-06 19:26:32,282 INFO stop crawling, and start to flushing
2017-11-06 19:26:32,283 INFO flushing all the messages in the not_sent queue
2017-11-06 19:26:32,283 INFO flushing all the messages in the not_sent queue
2017-11-06 19:26:32,283 INFO flushing all the messages in the not_sent queue
2017-11-06 19:26:32,283 INFO flushing all the messages in the not_sent queue
2017-11-06 19:26:32,283 INFO flushing all the messages in the not_sent queue
2017-11-06 19:26:37,287 INFO start crawling
2017-11-06 19:26:37,287 INFO start crawling
2017-11-06 19:26:37,287 INFO start crawling
2017-11-06 19:26:37,287 INFO start crawling
2017-11-06 19:26:37,287 INFO start crawling
2017-11-06 19:26:48,057 INFO stop crawling, and start to flushing
2017-11-06 19:26:48,057 INFO stop crawling, and start to flushing
2017-11-06 19:26:48,057 INFO stop crawling, and start to flushing
2017-11-06 19:26:48,057 INFO stop crawling, and start to flushing
2017-11-06 19:26:48,057 INFO stop crawling, and start to flushing
2017-11-06 19:26:48,057 INFO flushing all the messages in the not_sent queue
2017-11-06 19:26:48,057 INFO flushing all the messages in the not_sent queue
2017-11-06 19:26:48,057 INFO flushing all the messages in the not_sent queue
2017-11-06 19:26:48,057 INFO flushing all the messages in the not_sent queue
2017-11-06 19:26:48,057 INFO flushing all the messages in the not_sent queue
2017-11-06 19:26:53,062 INFO start crawling
2017-11-06 19:26:53,062 INFO start crawling
2017-11-06 19:26:53,062 INFO start crawling
2017-11-06 19:26:53,062 INFO start crawling
2017-11-06 19:26:53,062 INFO start crawling
2017-11-06 19:28:07,771 INFO interval time setted as 5
2017-11-06 19:28:07,771 INFO interval time setted as 5
2017-11-06 19:28:07,771 INFO interval time setted as 5
2017-11-06 19:28:07,771 INFO interval time setted as 5
2017-11-06 19:28:07,771 INFO interval time setted as 5
2017-11-06 19:28:07,771 INFO opening file ./wishlist.txt
2017-11-06 19:28:07,771 INFO opening file ./wishlist.txt
2017-11-06 19:28:07,771 INFO opening file ./wishlist.txt
2017-11-06 19:28:07,771 INFO opening file ./wishlist.txt
2017-11-06 19:28:07,771 INFO opening file ./wishlist.txt
2017-11-06 19:28:07,771 INFO getting the keyword list
2017-11-06 19:28:07,771 INFO getting the keyword list
2017-11-06 19:28:07,771 INFO getting the keyword list
2017-11-06 19:28:07,771 INFO getting the keyword list
2017-11-06 19:28:07,771 INFO getting the keyword list
2017-11-06 19:28:09,251 INFO start crawling
2017-11-06 19:28:09,251 INFO start crawling
2017-11-06 19:28:09,251 INFO start crawling
2017-11-06 19:28:09,251 INFO start crawling
2017-11-06 19:28:09,251 INFO start crawling
2017-11-06 19:28:12,337 INFO stop crawling, and start to flushing
2017-11-06 19:28:12,337 INFO stop crawling, and start to flushing
2017-11-06 19:28:12,337 INFO stop crawling, and start to flushing
2017-11-06 19:28:12,337 INFO stop crawling, and start to flushing
2017-11-06 19:28:12,337 INFO stop crawling, and start to flushing
2017-11-06 19:28:12,337 INFO flushing all the messages in the not_sent queue
2017-11-06 19:28:12,337 INFO flushing all the messages in the not_sent queue
2017-11-06 19:28:12,337 INFO flushing all the messages in the not_sent queue
2017-11-06 19:28:12,337 INFO flushing all the messages in the not_sent queue
2017-11-06 19:28:12,337 INFO flushing all the messages in the not_sent queue
2017-11-06 19:28:12,339 ERROR runner is tired of running, jump out!
2017-11-06 19:28:12,339 ERROR runner is tired of running, jump out!
2017-11-06 19:28:12,339 ERROR runner is tired of running, jump out!
2017-11-06 19:28:12,339 ERROR runner is tired of running, jump out!
2017-11-06 19:28:12,339 ERROR runner is tired of running, jump out!
2017-11-06 19:28:42,551 INFO interval time setted as 5
2017-11-06 19:28:42,551 INFO interval time setted as 5
2017-11-06 19:28:42,551 INFO interval time setted as 5
2017-11-06 19:28:42,551 INFO interval time setted as 5
2017-11-06 19:28:42,551 INFO interval time setted as 5
2017-11-06 19:28:42,551 INFO opening file ./wishlist.txt
2017-11-06 19:28:42,551 INFO opening file ./wishlist.txt
2017-11-06 19:28:42,551 INFO opening file ./wishlist.txt
2017-11-06 19:28:42,551 INFO opening file ./wishlist.txt
2017-11-06 19:28:42,551 INFO opening file ./wishlist.txt
2017-11-06 19:28:42,551 INFO getting the keyword list
2017-11-06 19:28:42,551 INFO getting the keyword list
2017-11-06 19:28:42,551 INFO getting the keyword list
2017-11-06 19:28:42,551 INFO getting the keyword list
2017-11-06 19:28:42,551 INFO getting the keyword list
2017-11-06 19:28:45,053 INFO start crawling
2017-11-06 19:28:45,053 INFO start crawling
2017-11-06 19:28:45,053 INFO start crawling
2017-11-06 19:28:45,053 INFO start crawling
2017-11-06 19:28:45,053 INFO start crawling
2017-11-06 19:28:47,644 INFO stop crawling, and start to flushing
2017-11-06 19:28:47,644 INFO stop crawling, and start to flushing
2017-11-06 19:28:47,644 INFO stop crawling, and start to flushing
2017-11-06 19:28:47,644 INFO stop crawling, and start to flushing
2017-11-06 19:28:47,644 INFO stop crawling, and start to flushing
2017-11-06 19:28:47,645 INFO flushing all the messages in the not_sent queue
2017-11-06 19:28:47,645 INFO flushing all the messages in the not_sent queue
2017-11-06 19:28:47,645 INFO flushing all the messages in the not_sent queue
2017-11-06 19:28:47,645 INFO flushing all the messages in the not_sent queue
2017-11-06 19:28:47,645 INFO flushing all the messages in the not_sent queue
2017-11-06 19:28:47,646 ERROR runner is tired of running, jump out!
2017-11-06 19:28:47,646 ERROR runner is tired of running, jump out!
2017-11-06 19:28:47,646 ERROR runner is tired of running, jump out!
2017-11-06 19:28:47,646 ERROR runner is tired of running, jump out!
2017-11-06 19:28:47,646 ERROR runner is tired of running, jump out!
2017-11-06 19:29:11,598 INFO interval time setted as 5
2017-11-06 19:29:11,598 INFO interval time setted as 5
2017-11-06 19:29:11,598 INFO interval time setted as 5
2017-11-06 19:29:11,598 INFO interval time setted as 5
2017-11-06 19:29:11,598 INFO interval time setted as 5
2017-11-06 19:29:11,598 INFO opening file ./wishlist.txt
2017-11-06 19:29:11,598 INFO opening file ./wishlist.txt
2017-11-06 19:29:11,598 INFO opening file ./wishlist.txt
2017-11-06 19:29:11,598 INFO opening file ./wishlist.txt
2017-11-06 19:29:11,598 INFO opening file ./wishlist.txt
2017-11-06 19:29:11,598 INFO getting the keyword list
2017-11-06 19:29:11,598 INFO getting the keyword list
2017-11-06 19:29:11,598 INFO getting the keyword list
2017-11-06 19:29:11,598 INFO getting the keyword list
2017-11-06 19:29:11,598 INFO getting the keyword list
2017-11-06 19:29:13,430 INFO start crawling
2017-11-06 19:29:13,430 INFO start crawling
2017-11-06 19:29:13,430 INFO start crawling
2017-11-06 19:29:13,430 INFO start crawling
2017-11-06 19:29:13,430 INFO start crawling
2017-11-06 19:29:18,762 INFO stop crawling, and start to flushing
2017-11-06 19:29:18,762 INFO stop crawling, and start to flushing
2017-11-06 19:29:18,762 INFO stop crawling, and start to flushing
2017-11-06 19:29:18,762 INFO stop crawling, and start to flushing
2017-11-06 19:29:18,762 INFO stop crawling, and start to flushing
2017-11-06 19:29:18,762 INFO flushing all the messages in the not_sent queue
2017-11-06 19:29:18,762 INFO flushing all the messages in the not_sent queue
2017-11-06 19:29:18,762 INFO flushing all the messages in the not_sent queue
2017-11-06 19:29:18,762 INFO flushing all the messages in the not_sent queue
2017-11-06 19:29:18,762 INFO flushing all the messages in the not_sent queue
2017-11-06 19:29:26,166 INFO start crawling
2017-11-06 19:29:26,166 INFO start crawling
2017-11-06 19:29:26,166 INFO start crawling
2017-11-06 19:29:26,166 INFO start crawling
2017-11-06 19:29:26,166 INFO start crawling
2017-11-06 19:29:30,850 INFO stop crawling, and start to flushing
2017-11-06 19:29:30,850 INFO stop crawling, and start to flushing
2017-11-06 19:29:30,850 INFO stop crawling, and start to flushing
2017-11-06 19:29:30,850 INFO stop crawling, and start to flushing
2017-11-06 19:29:30,850 INFO stop crawling, and start to flushing
2017-11-06 19:29:30,851 INFO flushing all the messages in the not_sent queue
2017-11-06 19:29:30,851 INFO flushing all the messages in the not_sent queue
2017-11-06 19:29:30,851 INFO flushing all the messages in the not_sent queue
2017-11-06 19:29:30,851 INFO flushing all the messages in the not_sent queue
2017-11-06 19:29:30,851 INFO flushing all the messages in the not_sent queue
2017-11-06 19:29:35,855 INFO start crawling
2017-11-06 19:29:35,855 INFO start crawling
2017-11-06 19:29:35,855 INFO start crawling
2017-11-06 19:29:35,855 INFO start crawling
2017-11-06 19:29:35,855 INFO start crawling
